# JRE version: OpenJDK Runtime Environment (8.0_152-b01) (build 1.8.0_152-release-915-b01)
# Java VM: OpenJDK 64-Bit Server VM (25.152-b01 mixed mode windows-amd64 compressed oops)
Heap:
 PSYoungGen      total 461824K, used 280676K [0x00000000e0000000, 0x00000000ffd00000, 0x0000000100000000)
  eden space 429568K, 63% used [0x00000000e0000000,0x00000000f0882b70,0x00000000fa380000)
  from space 32256K, 30% used [0x00000000fa380000,0x00000000fad16830,0x00000000fc300000)
  to   space 31232K, 0% used [0x00000000fde80000,0x00000000fde80000,0x00000000ffd00000)
 ParOldGen       total 152576K, used 126044K [0x00000000a0000000, 0x00000000a9500000, 0x00000000e0000000)
  object space 152576K, 82% used [0x00000000a0000000,0x00000000a7b171b0,0x00000000a9500000)
 Metaspace       used 95431K, capacity 99308K, committed 99456K, reserved 1136640K
  class space    used 11945K, capacity 12862K, committed 12928K, reserved 1048576K
GC Heap History (10 events):
Event: 742.851 GC heap before
{Heap before GC invocations=29 (full 4):
 PSYoungGen      total 335360K, used 335084K [0x00000000e0000000, 0x00000000fae00000, 0x0000000100000000)
  eden space 321536K, 100% used [0x00000000e0000000,0x00000000f3a00000,0x00000000f3a00000)
  from space 13824K, 98% used [0x00000000fa080000,0x00000000fadbb160,0x00000000fae00000)
  to   space 26624K, 0% used [0x00000000f7a00000,0x00000000f7a00000,0x00000000f9400000)
 ParOldGen       total 152576K, used 90519K [0x00000000a0000000, 0x00000000a9500000, 0x00000000e0000000)
  object space 152576K, 59% used [0x00000000a0000000,0x00000000a5865d28,0x00000000a9500000)
 Metaspace       used 93709K, capacity 97376K, committed 97536K, reserved 1134592K
  class space    used 11791K, capacity 12704K, committed 12800K, reserved 1048576K
Event: 742.929 GC heap after
Heap after GC invocations=29 (full 4):
 PSYoungGen      total 334336K, used 26622K [0x00000000e0000000, 0x00000000fa100000, 0x0000000100000000)
  eden space 307712K, 0% used [0x00000000e0000000,0x00000000e0000000,0x00000000f2c80000)
  from space 26624K, 99% used [0x00000000f7a00000,0x00000000f93ffaf0,0x00000000f9400000)
  to   space 13312K, 0% used [0x00000000f9400000,0x00000000f9400000,0x00000000fa100000)
 ParOldGen       total 152576K, used 91859K [0x00000000a0000000, 0x00000000a9500000, 0x00000000e0000000)
  object space 152576K, 60% used [0x00000000a0000000,0x00000000a59b4d38,0x00000000a9500000)
 Metaspace       used 93709K, capacity 97376K, committed 97536K, reserved 1134592K
  class space    used 11791K, capacity 12704K, committed 12800K, reserved 1048576K
}
Event: 750.156 GC heap before
{Heap before GC invocations=30 (full 4):
 PSYoungGen      total 334336K, used 334334K [0x00000000e0000000, 0x00000000fa100000, 0x0000000100000000)
  eden space 307712K, 100% used [0x00000000e0000000,0x00000000f2c80000,0x00000000f2c80000)
  from space 26624K, 99% used [0x00000000f7a00000,0x00000000f93ffaf0,0x00000000f9400000)
  to   space 13312K, 0% used [0x00000000f9400000,0x00000000f9400000,0x00000000fa100000)
 ParOldGen       total 152576K, used 91859K [0x00000000a0000000, 0x00000000a9500000, 0x00000000e0000000)
  object space 152576K, 60% used [0x00000000a0000000,0x00000000a59b4d38,0x00000000a9500000)
 Metaspace       used 94984K, capacity 98954K, committed 99200K, reserved 1136640K
  class space    used 11914K, capacity 12859K, committed 12928K, reserved 1048576K
Event: 750.239 GC heap after
Heap after GC invocations=30 (full 4):
 PSYoungGen      total 369664K, used 13282K [0x00000000e0000000, 0x00000000fa100000, 0x0000000100000000)
  eden space 356352K, 0% used [0x00000000e0000000,0x00000000e0000000,0x00000000f5c00000)
  from space 13312K, 99% used [0x00000000f9400000,0x00000000fa0f8b28,0x00000000fa100000)
  to   space 33792K, 0% used [0x00000000f5f00000,0x00000000f5f00000,0x00000000f8000000)
 ParOldGen       total 152576K, used 104642K [0x00000000a0000000, 0x00000000a9500000, 0x00000000e0000000)
  object space 152576K, 68% used [0x00000000a0000000,0x00000000a6630aa8,0x00000000a9500000)
 Metaspace       used 94984K, capacity 98954K, committed 99200K, reserved 1136640K
  class space    used 11914K, capacity 12859K, committed 12928K, reserved 1048576K
}
Event: 751.897 GC heap before
{Heap before GC invocations=31 (full 4):
 PSYoungGen      total 369664K, used 369634K [0x00000000e0000000, 0x00000000fa100000, 0x0000000100000000)
  eden space 356352K, 100% used [0x00000000e0000000,0x00000000f5c00000,0x00000000f5c00000)
  from space 13312K, 99% used [0x00000000f9400000,0x00000000fa0f8b28,0x00000000fa100000)
  to   space 33792K, 0% used [0x00000000f5f00000,0x00000000f5f00000,0x00000000f8000000)
 ParOldGen       total 152576K, used 104642K [0x00000000a0000000, 0x00000000a9500000, 0x00000000e0000000)
  object space 152576K, 68% used [0x00000000a0000000,0x00000000a6630aa8,0x00000000a9500000)
 Metaspace       used 95100K, capacity 99018K, committed 99200K, reserved 1136640K
  class space    used 11923K, capacity 12859K, committed 12928K, reserved 1048576K
Event: 751.946 GC heap after
Heap after GC invocations=31 (full 4):
 PSYoungGen      total 393216K, used 7808K [0x00000000e0000000, 0x00000000fe380000, 0x0000000100000000)
  eden space 359424K, 0% used [0x00000000e0000000,0x00000000e0000000,0x00000000f5f00000)
  from space 33792K, 23% used [0x00000000f5f00000,0x00000000f66a0030,0x00000000f8000000)
  to   space 33280K, 0% used [0x00000000fc300000,0x00000000fc300000,0x00000000fe380000)
 ParOldGen       total 152576K, used 116071K [0x00000000a0000000, 0x00000000a9500000, 0x00000000e0000000)
  object space 152576K, 76% used [0x00000000a0000000,0x00000000a7159c90,0x00000000a9500000)
 Metaspace       used 95100K, capacity 99018K, committed 99200K, reserved 1136640K
  class space    used 11923K, capacity 12859K, committed 12928K, reserved 1048576K
}
Event: 753.505 GC heap before
{Heap before GC invocations=32 (full 4):
 PSYoungGen      total 393216K, used 367232K [0x00000000e0000000, 0x00000000fe380000, 0x0000000100000000)
  eden space 359424K, 100% used [0x00000000e0000000,0x00000000f5f00000,0x00000000f5f00000)
  from space 33792K, 23% used [0x00000000f5f00000,0x00000000f66a0030,0x00000000f8000000)
  to   space 33280K, 0% used [0x00000000fc300000,0x00000000fc300000,0x00000000fe380000)
 ParOldGen       total 152576K, used 116071K [0x00000000a0000000, 0x00000000a9500000, 0x00000000e0000000)
  object space 152576K, 76% used [0x00000000a0000000,0x00000000a7159c90,0x00000000a9500000)
 Metaspace       used 95349K, capacity 99230K, committed 99456K, reserved 1136640K
  class space    used 11943K, capacity 12859K, committed 12928K, reserved 1048576K
Event: 753.535 GC heap after
Heap after GC invocations=32 (full 4):
 PSYoungGen      total 462848K, used 8157K [0x00000000e0000000, 0x00000000fe800000, 0x0000000100000000)
  eden space 429568K, 0% used [0x00000000e0000000,0x00000000e0000000,0x00000000fa380000)
  from space 33280K, 24% used [0x00000000fc300000,0x00000000fcaf7430,0x00000000fe380000)
  to   space 32256K, 0% used [0x00000000fa380000,0x00000000fa380000,0x00000000fc300000)
 ParOldGen       total 152576K, used 121323K [0x00000000a0000000, 0x00000000a9500000, 0x00000000e0000000)
  object space 152576K, 79% used [0x00000000a0000000,0x00000000a767ac40,0x00000000a9500000)
 Metaspace       used 95349K, capacity 99230K, committed 99456K, reserved 1136640K
  class space    used 11943K, capacity 12859K, committed 12928K, reserved 1048576K
}
Event: 755.071 GC heap before
{Heap before GC invocations=33 (full 4):
 PSYoungGen      total 462848K, used 437725K [0x00000000e0000000, 0x00000000fe800000, 0x0000000100000000)
  eden space 429568K, 100% used [0x00000000e0000000,0x00000000fa380000,0x00000000fa380000)
  from space 33280K, 24% used [0x00000000fc300000,0x00000000fcaf7430,0x00000000fe380000)
  to   space 32256K, 0% used [0x00000000fa380000,0x00000000fa380000,0x00000000fc300000)
 ParOldGen       total 152576K, used 121323K [0x00000000a0000000, 0x00000000a9500000, 0x00000000e0000000)
  object space 152576K, 79% used [0x00000000a0000000,0x00000000a767ac40,0x00000000a9500000)
 Metaspace       used 95414K, capacity 99304K, committed 99456K, reserved 1136640K
  class space    used 11945K, capacity 12862K, committed 12928K, reserved 1048576K
Event: 755.114 GC heap after
Heap after GC invocations=33 (full 4):
 PSYoungGen      total 461824K, used 9818K [0x00000000e0000000, 0x00000000ffd00000, 0x0000000100000000)
  eden space 429568K, 0% used [0x00000000e0000000,0x00000000e0000000,0x00000000fa380000)
  from space 32256K, 30% used [0x00000000fa380000,0x00000000fad16830,0x00000000fc300000)
  to   space 31232K, 0% used [0x00000000fde80000,0x00000000fde80000,0x00000000ffd00000)
 ParOldGen       total 152576K, used 126044K [0x00000000a0000000, 0x00000000a9500000, 0x00000000e0000000)
  object space 152576K, 82% used [0x00000000a0000000,0x00000000a7b171b0,0x00000000a9500000)
 Metaspace       used 95414K, capacity 99304K, committed 99456K, reserved 1136640K
  class space    used 11945K, capacity 12862K, committed 12928K, reserved 1048576K
}

